2024-04-17T15:36:10.232129-0300 - Primeira atividade iniciada.
2024-04-17T15:36:12.237501-0300 - Primeira atividade finalizada.
2024-04-17T15:36:12.238512-0300 - Segunda atividade iniciada.
2024-04-17T15:36:14.239923-0300 - Segunda atividade finalizada.
2024-04-17T15:36:14.239923-0300 - Terceira atividade iniciada.
2024-04-17T15:36:16.242550-0300 - Terceira atividade finalizada.
2024-04-17T15:36:16.242550-0300 - Pipeline finalizada
2024-04-17T15:36:26.244836-0300 - Primeira atividade iniciada.
2024-04-17T15:36:28.245990-0300 - Primeira atividade finalizada.
2024-04-17T15:36:28.245990-0300 - Segunda atividade iniciada.
2024-04-17T15:36:30.248283-0300 - Segunda atividade finalizada.
2024-04-17T15:36:30.248283-0300 - Terceira atividade iniciada.
2024-04-17T15:36:32.250503-0300 - Terceira atividade finalizada.
2024-04-17T15:36:32.251174-0300 - Pipeline finalizada
2024-04-17T15:36:42.252317-0300 - Primeira atividade iniciada.
2024-04-17T15:36:44.253689-0300 - Primeira atividade finalizada.
2024-04-17T15:36:44.253689-0300 - Segunda atividade iniciada.
2024-04-17T15:36:46.255878-0300 - Segunda atividade finalizada.
2024-04-17T15:36:46.255878-0300 - Terceira atividade iniciada.
2024-04-17T15:36:48.258656-0300 - Terceira atividade finalizada.
2024-04-17T15:36:48.259473-0300 - Pipeline finalizada
